2022-02-27 03:05:18,647 - instagram_scraper.app - ERROR - Please wait a few minutes before you try again.
2022-02-27 03:05:18,647 - instagram_scraper.app - ERROR - Failed to get media details for CX_inZjhMPY
2022-02-27 03:05:18,791 - instagram_scraper.app - ERROR - Please wait a few minutes before you try again.
2022-02-27 03:05:18,795 - instagram_scraper.app - ERROR - Failed to get media details for CXcCvDMOYBA
2022-02-27 03:05:18,907 - instagram_scraper.app - ERROR - Please wait a few minutes before you try again.
2022-02-27 03:05:18,907 - instagram_scraper.app - ERROR - Failed to get media details for CWorn1Jl1wC
2022-02-27 03:05:19,023 - instagram_scraper.app - ERROR - Please wait a few minutes before you try again.
2022-02-27 03:05:19,023 - instagram_scraper.app - ERROR - Failed to get media details for CWl8ouVpNGO
2022-02-27 03:05:19,143 - instagram_scraper.app - ERROR - Please wait a few minutes before you try again.
2022-02-27 03:05:19,147 - instagram_scraper.app - ERROR - Failed to get media details for CWds7zapgHn
2022-02-27 03:05:19,267 - instagram_scraper.app - ERROR - Please wait a few minutes before you try again.
2022-02-27 03:05:19,267 - instagram_scraper.app - ERROR - Failed to get media details for CWbz8GBl9rE
2022-02-27 03:05:19,382 - instagram_scraper.app - ERROR - Please wait a few minutes before you try again.
2022-02-27 03:05:19,382 - instagram_scraper.app - ERROR - Failed to get media details for CWZenUWM_j4
2022-02-27 03:05:19,506 - instagram_scraper.app - ERROR - Please wait a few minutes before you try again.
2022-02-27 03:05:19,510 - instagram_scraper.app - ERROR - Failed to get media details for CWZKVRvPafW
2022-02-27 03:05:19,690 - instagram_scraper.app - ERROR - Please wait a few minutes before you try again.
2022-02-27 03:05:19,694 - instagram_scraper.app - ERROR - Failed to get media details for CWUJBx4sYgf
2022-02-27 03:05:19,806 - instagram_scraper.app - ERROR - Please wait a few minutes before you try again.
2022-02-27 03:05:19,806 - instagram_scraper.app - ERROR - Failed to get media details for CWTSCHSFDcI
2022-02-27 03:05:19,926 - instagram_scraper.app - ERROR - Please wait a few minutes before you try again.
2022-02-27 03:05:19,926 - instagram_scraper.app - ERROR - Failed to get media details for CWQq6FBFBbg
2022-02-27 03:05:20,042 - instagram_scraper.app - ERROR - Please wait a few minutes before you try again.
2022-02-27 03:05:20,042 - instagram_scraper.app - ERROR - Failed to get media details for CWOKAtPlpnr
2022-02-27 03:05:20,263 - instagram_scraper.app - ERROR - Please wait a few minutes before you try again.
2022-02-27 03:05:20,267 - instagram_scraper.app - ERROR - Failed to get media details for CWMo1KDsD6g
2022-02-27 03:05:20,395 - instagram_scraper.app - ERROR - Please wait a few minutes before you try again.
2022-02-27 03:05:20,395 - instagram_scraper.app - ERROR - Failed to get media details for CWKdA97Moyf
2022-02-27 03:05:20,527 - instagram_scraper.app - ERROR - Please wait a few minutes before you try again.
2022-02-27 03:05:20,527 - instagram_scraper.app - ERROR - Failed to get media details for CV5QaFcp0PF
2022-02-27 03:05:20,643 - instagram_scraper.app - ERROR - Please wait a few minutes before you try again.
2022-02-27 03:05:20,643 - instagram_scraper.app - ERROR - Failed to get media details for CVtlzzEs2nV
2022-02-27 03:05:20,767 - instagram_scraper.app - ERROR - Please wait a few minutes before you try again.
2022-02-27 03:05:20,767 - instagram_scraper.app - ERROR - Failed to get media details for CVqDaS1ldu0
2022-02-27 03:05:20,883 - instagram_scraper.app - ERROR - Please wait a few minutes before you try again.
2022-02-27 03:05:20,883 - instagram_scraper.app - ERROR - Failed to get media details for CVoJqdolwtZ
2022-02-27 03:05:20,999 - instagram_scraper.app - ERROR - Please wait a few minutes before you try again.
2022-02-27 03:05:20,999 - instagram_scraper.app - ERROR - Failed to get media details for CVfjfr-JyTj
2022-02-27 03:05:21,150 - instagram_scraper.app - ERROR - Please wait a few minutes before you try again.
2022-02-27 03:05:21,150 - instagram_scraper.app - ERROR - Failed to get media details for CVV_mC-lfjf
2022-02-27 03:05:21,266 - instagram_scraper.app - ERROR - Please wait a few minutes before you try again.
2022-02-27 03:05:21,266 - instagram_scraper.app - ERROR - Failed to get media details for CSMf0yxFEqL
2022-02-27 03:05:21,438 - instagram_scraper.app - ERROR - Please wait a few minutes before you try again.
2022-02-27 03:05:21,442 - instagram_scraper.app - ERROR - Failed to get media details for CRtf3hrDviX
2022-02-27 03:05:21,562 - instagram_scraper.app - ERROR - Please wait a few minutes before you try again.
2022-02-27 03:05:21,566 - instagram_scraper.app - ERROR - Failed to get media details for CQz5NlrDeXW
2022-02-27 03:05:21,710 - instagram_scraper.app - ERROR - Please wait a few minutes before you try again.
2022-02-27 03:05:21,710 - instagram_scraper.app - ERROR - Failed to get media details for CQRUBXtjZXT
2022-02-27 03:05:21,818 - instagram_scraper.app - ERROR - Please wait a few minutes before you try again.
2022-02-27 03:05:21,822 - instagram_scraper.app - ERROR - Failed to get media details for CPangHzjOOy
2022-02-27 03:05:21,933 - instagram_scraper.app - ERROR - Please wait a few minutes before you try again.
2022-02-27 03:05:21,937 - instagram_scraper.app - ERROR - Failed to get media details for COyTzHQDaFM
2022-02-27 03:05:22,045 - instagram_scraper.app - ERROR - Please wait a few minutes before you try again.
2022-02-27 03:05:22,049 - instagram_scraper.app - ERROR - Failed to get media details for COvn9biD4Bl
2022-02-27 03:05:22,165 - instagram_scraper.app - ERROR - Please wait a few minutes before you try again.
2022-02-27 03:05:22,165 - instagram_scraper.app - ERROR - Failed to get media details for CNu8rybDtrn
2022-02-27 03:05:22,333 - instagram_scraper.app - ERROR - Please wait a few minutes before you try again.
2022-02-27 03:05:22,333 - instagram_scraper.app - ERROR - Failed to get media details for CNK2J5zjgY2
2022-02-27 03:05:22,449 - instagram_scraper.app - ERROR - Please wait a few minutes before you try again.
2022-02-27 03:05:22,449 - instagram_scraper.app - ERROR - Failed to get media details for CMzWxCejC1n
2022-02-27 03:05:22,569 - instagram_scraper.app - ERROR - Please wait a few minutes before you try again.
2022-02-27 03:05:22,569 - instagram_scraper.app - ERROR - Failed to get media details for CMhh3j_jhpa
2022-02-27 03:05:22,684 - instagram_scraper.app - ERROR - Please wait a few minutes before you try again.
2022-02-27 03:05:22,684 - instagram_scraper.app - ERROR - Failed to get media details for CLJzk9MjcCe
